<?xml version="1.0" encoding="UTF-8" ?>
<testsuite tests="7" failures="0" name="chromeOptions.TestRunner" time="135.131" errors="1" skipped="0">
  <properties>
[...]
</properties>
  <testcase classname="Rahulsheety academy Webapp validation dess" name="User is able to successflly login with the credentials #1" time="22.747"/>
  <testcase classname="Rahulsheety academy Webapp validation dess" name="User is able to successflly login with the credentials #2" time="18.978"/>
  <testcase classname="Rahulsheety academy Webapp validation dess" name="User is able to successflly login with the credentials #3" time="19.114"/>
  <testcase classname="Rahulsheety academy Webapp validation" name="User is able to successfully submit the practice page form" time="6.697">
    <error type="java.lang.NullPointerException">java.lang.NullPointerException
	at stepDefenation.Stepdef2.user_clicks_on_practice_page_link(Stepdef2.java:51)
	at ✽.user clicks on practice page link(file:///E:/Projects/Selenium/Cucumberdemo/src/test/java/feature/webapp.feature:7)
</error>
    <system-out>
Scenario: User is able to successfully submit the practice page form     # src/test/java/feature/webapp.feature:5
  Given user is on homepage &quot;https://www.rahulshettyacademy.com/#/index&quot; # stepDefenation.Stepdef2.user_is_on_homepage_something(java.lang.String)
  When user clicks on practice page link                                 # stepDefenation.Stepdef2.user_clicks_on_practice_page_link()
      java.lang.NullPointerException
	at stepDefenation.Stepdef2.user_clicks_on_practice_page_link(Stepdef2.java:51)
	at âœ½.user clicks on practice page link(file:///E:/Projects/Selenium/Cucumberdemo/src/test/java/feature/webapp.feature:7)

  Then user is navigated to pracice page                                 # stepDefenation.Stepdef2.user_is_navigated_to_pracice_page()
  When user enters the name &quot;waseem&quot; and emailId &quot;kwas123@gmail.com&quot;     # stepDefenation.Stepdef2.user_enters_the_name_something_and_emailid_something(java.lang.String,java.lang.String)
  And selects the checkbox                                               # stepDefenation.Stepdef2.selects_the_checkbox()
  And clicks on submit                                                   # stepDefenation.Stepdef2.clicks_on_submit()
  Then user is successfully unlocked the practice apps                   # stepDefenation.Stepdef2.user_is_successfully_unlocked_the_practice_apps()
</system-out>
    <system-err>Starting ChromeDriver 85.0.4183.87 (cd6713ebf92fa1cacc0f1a598df280093af0c5d7-refs/branch-heads/4183@{#1689}) on port 47517
Only local connections are allowed.
Please see https://chromedriver.chromium.org/security-considerations for suggestions on keeping ChromeDriver safe.
ChromeDriver was started successfully.
[1604207534.601][WARNING]: This version of ChromeDriver has not been tested with Chrome version 86.
Nov 01, 2020 10:42:17 AM org.openqa.selenium.remote.ProtocolHandshake createSession
INFO: Detected dialect: W3C
</system-err>
  </testcase>
  <testcase classname="Rahulsheety academy Webapp validation" name="User is able to successflly login with the credentials #1" time="26.133"/>
  <testcase classname="Rahulsheety academy Webapp validation" name="User is able to successflly login with the credentials #2" time="21.931"/>
  <testcase classname="Rahulsheety academy Webapp validation" name="User is able to successflly login with the credentials #3" time="19.531"/>
</testsuite>